Using pre-set license
Built from '2022.1/staging' branch; Version is '2022.1.19f1 (2fd7b40534d1) revision 3135412'; Using compiler version '192829333'; Build Type 'Release'
OS: 'Windows 11  (10.0.22621) 64bit Professional' Language: 'tr' Physical Memory: 16251 MB
BatchMode: 1, IsHumanControllingUs: 0, StartBugReporterOnCrash: 0, Is64bit: 1, IsPro: 1

COMMAND LINE ARGUMENTS:
C:\Program Files\Unity\Hub\Editor\2022.1.19f1\Editor\Unity.exe
-adb2
-batchMode
-noUpm
-name
AssetImportWorker0
-projectPath
C:/Users/muitt/Reves_Games_Case
-logFile
Logs/AssetImportWorker0.log
-srvPort
50694
Successfully changed project path to: C:/Users/muitt/Reves_Games_Case
C:/Users/muitt/Reves_Games_Case
[UnityMemory] Configuration Parameters - Can be set up in boot.config
    "memorysetup-bucket-allocator-granularity=16"
    "memorysetup-bucket-allocator-bucket-count=8"
    "memorysetup-bucket-allocator-block-size=33554432"
    "memorysetup-bucket-allocator-block-count=8"
    "memorysetup-main-allocator-block-size=16777216"
    "memorysetup-thread-allocator-block-size=16777216"
    "memorysetup-gfx-main-allocator-block-size=16777216"
    "memorysetup-gfx-thread-allocator-block-size=16777216"
    "memorysetup-cache-allocator-block-size=4194304"
    "memorysetup-typetree-allocator-block-size=2097152"
    "memorysetup-profiler-bucket-allocator-granularity=16"
    "memorysetup-profiler-bucket-allocator-bucket-count=8"
    "memorysetup-profiler-bucket-allocator-block-size=33554432"
    "memorysetup-profiler-bucket-allocator-block-count=8"
    "memorysetup-profiler-allocator-block-size=16777216"
    "memorysetup-profiler-editor-allocator-block-size=1048576"
    "memorysetup-temp-allocator-size-main=16777216"
    "memorysetup-job-temp-allocator-block-size=2097152"
    "memorysetup-job-temp-allocator-block-size-background=1048576"
    "memorysetup-job-temp-allocator-reduction-small-platforms=262144"
    "memorysetup-temp-allocator-size-background-worker=32768"
    "memorysetup-temp-allocator-size-job-worker=262144"
    "memorysetup-temp-allocator-size-preload-manager=33554432"
    "memorysetup-temp-allocator-size-nav-mesh-worker=65536"
    "memorysetup-temp-allocator-size-audio-worker=65536"
    "memorysetup-temp-allocator-size-cloud-worker=32768"
    "memorysetup-temp-allocator-size-gi-baking-worker=262144"
    "memorysetup-temp-allocator-size-gfx=262144"
Refreshing native plugins compatible for Editor in 184.33 ms, found 3 plugins.
Preloading 0 native plugins for Editor in 0.00 ms.
Initialize engine version: 2022.1.19f1 (2fd7b40534d1)
[Subsystems] Discovering subsystems at path C:/Program Files/Unity/Hub/Editor/2022.1.19f1/Editor/Data/Resources/UnitySubsystems
[Subsystems] Discovering subsystems at path C:/Users/muitt/Reves_Games_Case/Assets
GfxDevice: creating device client; threaded=0; jobified=0
Direct3D:
    Version:  Direct3D 11.0 [level 11.1]
    Renderer: NVIDIA GeForce GTX 1650 Ti (ID=0x1f95)
    Vendor:   NVIDIA
    VRAM:     3962 MB
    Driver:   31.0.15.2225
Initialize mono
Mono path[0] = 'C:/Program Files/Unity/Hub/Editor/2022.1.19f1/Editor/Data/Managed'
Mono path[1] = 'C:/Program Files/Unity/Hub/Editor/2022.1.19f1/Editor/Data/MonoBleedingEdge/lib/mono/unityjit-win32'
Mono config path = 'C:/Program Files/Unity/Hub/Editor/2022.1.19f1/Editor/Data/MonoBleedingEdge/etc'
Using monoOptions --debugger-agent=transport=dt_socket,embedding=1,server=y,suspend=n,address=127.0.0.1:56552
Begin MonoManager ReloadAssembly
Registering precompiled unity dll's ...
Register platform support module: C:/Program Files/Unity/Hub/Editor/2022.1.19f1/Editor/Data/PlaybackEngines/AndroidPlayer/UnityEditor.Android.Extensions.dll
Register platform support module: C:/Program Files/Unity/Hub/Editor/2022.1.19f1/Editor/Data/PlaybackEngines/iOSSupport/UnityEditor.iOS.Extensions.dll
Register platform support module: C:/Program Files/Unity/Hub/Editor/2022.1.19f1/Editor/Data/PlaybackEngines/WindowsStandaloneSupport/UnityEditor.WindowsStandalone.Extensions.dll
Registered in 0.262946 seconds.
Native extension for WindowsStandalone target not found
[usbmuxd] Start listen thread
[usbmuxd] Listen thread started
Native extension for iOS target not found
Native extension for Android target not found
Refreshing native plugins compatible for Editor in 64.41 ms, found 3 plugins.
Preloading 0 native plugins for Editor in 0.00 ms.
Mono: successfully reloaded assembly
- Completed reload, in  5.256 seconds
Domain Reload Profiling:
	ReloadAssembly (5256ms)
		BeginReloadAssembly (3165ms)
			ExecutionOrderSort (0ms)
			DisableScriptedObjects (0ms)
			BackupInstance (0ms)
			ReleaseScriptingObjects (0ms)
			CreateAndSetChildDomain (1ms)
		EndReloadAssembly (1431ms)
			LoadAssemblies (3171ms)
			RebuildTransferFunctionScriptingTraits (0ms)
			SetupTypeCache (901ms)
				TypeCache.Initialize (901ms)
					TypeCache.ScanAssembly (900ms)
				ResolveRequiredComponents (0ms)
			ReleaseScriptCaches (0ms)
			RebuildScriptCaches (29ms)
			SetupLoadedEditorAssemblies (444ms)
				LogAssemblyErrors (0ms)
				InitializePlatformSupportModulesInManaged (217ms)
				SetLoadedEditorAssemblies (10ms)
				RefreshPlugins (64ms)
				BeforeProcessingInitializeOnLoad (1ms)
				ProcessInitializeOnLoadAttributes (108ms)
				ProcessInitializeOnLoadMethodAttributes (43ms)
				AfterProcessingInitializeOnLoad (0ms)
				EditorAssembliesLoaded (0ms)
			ExecutionOrderSort2 (0ms)
			AwakeInstancesAfterBackupRestoration (0ms)
Platform modules already initialized, skipping
Registering precompiled user dll's ...
Registered in 1.090565 seconds.
Android Extension - Scanning For ADB Devices 4447 ms
Begin MonoManager ReloadAssembly
Symbol file LoadedFromMemory doesn't match image C:\Users\muitt\Reves_Games_Case\Library\PackageCache\com.unity.visualscripting@1.7.8\Editor\VisualScripting.Core\Dependencies\YamlDotNet\Unity.VisualScripting.YamlDotNet.dll
Symbol file LoadedFromMemory doesn't match image C:\Users\muitt\Reves_Games_Case\Library\PackageCache\com.unity.visualscripting@1.7.8\Editor\VisualScripting.Core\Dependencies\DotNetZip\Unity.VisualScripting.IonicZip.dll
Native extension for WindowsStandalone target not found
Native extension for iOS target not found
Native extension for Android target not found
Refreshing native plugins compatible for Editor in 0.61 ms, found 3 plugins.
Preloading 0 native plugins for Editor in 0.00 ms.
Mono: successfully reloaded assembly
- Completed reload, in  5.339 seconds
Domain Reload Profiling:
	ReloadAssembly (5339ms)
		BeginReloadAssembly (119ms)
			ExecutionOrderSort (0ms)
			DisableScriptedObjects (6ms)
			BackupInstance (0ms)
			ReleaseScriptingObjects (0ms)
			CreateAndSetChildDomain (22ms)
		EndReloadAssembly (5062ms)
			LoadAssemblies (2556ms)
			RebuildTransferFunctionScriptingTraits (0ms)
			SetupTypeCache (893ms)
				TypeCache.Initialize (888ms)
					TypeCache.ScanAssembly (883ms)
				ResolveRequiredComponents (5ms)
			ReleaseScriptCaches (1ms)
			RebuildScriptCaches (54ms)
			SetupLoadedEditorAssemblies (1503ms)
				LogAssemblyErrors (0ms)
				InitializePlatformSupportModulesInManaged (25ms)
				SetLoadedEditorAssemblies (7ms)
				RefreshPlugins (1ms)
				BeforeProcessingInitializeOnLoad (82ms)
				ProcessInitializeOnLoadAttributes (307ms)
				ProcessInitializeOnLoadMethodAttributes (1076ms)
				AfterProcessingInitializeOnLoad (6ms)
				EditorAssembliesLoaded (0ms)
			ExecutionOrderSort2 (0ms)
			AwakeInstancesAfterBackupRestoration (6ms)
Platform modules already initialized, skipping
========================================================================
Worker process is ready to serve import requests
Launched and connected shader compiler UnityShaderCompiler.exe after 0.05 seconds
Refreshing native plugins compatible for Editor in 0.49 ms, found 3 plugins.
Preloading 0 native plugins for Editor in 0.00 ms.
Unloading 3399 Unused Serialized files (Serialized files now loaded: 0)
Unloading 26 unused Assets / (58.2 KB). Loaded Objects now: 3861.
Memory consumption went from 0.51 GB to 0.51 GB.
Total: 3.017800 ms (FindLiveObjects: 0.279400 ms CreateObjectMapping: 0.231700 ms MarkObjects: 2.434400 ms  DeleteObjects: 0.071400 ms)

AssetImportParameters requested are different than current active one (requested -> active):
  custom:video-decoder-ogg-theora: a1e56fd34408186e4bbccfd4996cb3dc -> 
  custom:container-muxer-webm: aa71ff27fc2769a1b78a27578f13a17b -> 
  custom:container-demuxer-webm: 4f35f7cbe854078d1ac9338744f61a02 -> 
  custom:video-encoder-webm-vp8: eb34c28f22e8b96e1ab97ce403110664 -> 
  custom:audio-encoder-webm-vorbis: bf7c407c2cedff20999df2af8eb42d56 -> 
  custom:framework-win-MediaFoundation: 216162199b28c13a410421893ffa2e32 -> 
  custom:container-demuxer-ogg: 62fdf1f143b41e24485cea50d1cbac27 -> 
  custom:video-decoder-webm-vp8: 9c59270c3fd7afecdb556c50c9e8de78 -> 
  custom:audio-decoder-ogg-vorbis: bf7c407c2cedff20999df2af8eb42d56 -> 
========================================================================
Received Import Request.
  Time since last request: 956946.485382 seconds.
  path: Assets/asset.zip
  artifactKey: Guid(c76cc122ab5d8d64ea1662c11c845cf9) Importer(815301076,1909f56bfc062723c751e8b465ee728b)
Start importing Assets/asset.zip using Guid(c76cc122ab5d8d64ea1662c11c845cf9) Importer(815301076,1909f56bfc062723c751e8b465ee728b)  -> (artifact id: 'd1698b7b684fdd4a61ddf63ef0f5bb7c') in 0.023598 seconds 
========================================================================
Received Import Request.
  Time since last request: 16.053706 seconds.
  path: Assets/asset.zip
  artifactKey: Guid(c76cc122ab5d8d64ea1662c11c845cf9) Importer(815301076,1909f56bfc062723c751e8b465ee728b)
Start importing Assets/asset.zip using Guid(c76cc122ab5d8d64ea1662c11c845cf9) Importer(815301076,1909f56bfc062723c751e8b465ee728b)  -> (artifact id: 'badf12cb1ba27d303818dc6afa65255f') in 0.002081 seconds 
========================================================================
Received Import Request.
  Time since last request: 3.568543 seconds.
  path: Assets/Models/Obstacles/Axe.fbx
  artifactKey: Guid(265a66c7aa478bb40aa3c126a03a7b86) Importer(815301076,1909f56bfc062723c751e8b465ee728b)
Start importing Assets/Models/Obstacles/Axe.fbx using Guid(265a66c7aa478bb40aa3c126a03a7b86) Importer(815301076,1909f56bfc062723c751e8b465ee728b)  -> (artifact id: 'c075175bfd04ef019c9a2c94b74a1a89') in 0.417200 seconds 
========================================================================
Received Import Request.
  Time since last request: 12.570429 seconds.
  path: Assets/Models
  artifactKey: Guid(8d9cfa5ded7118f48b20e48577636e7a) Importer(815301076,1909f56bfc062723c751e8b465ee728b)
Start importing Assets/Models using Guid(8d9cfa5ded7118f48b20e48577636e7a) Importer(815301076,1909f56bfc062723c751e8b465ee728b)  -> (artifact id: '156b7259927cee5279811087b899ff82') in 0.005699 seconds 
========================================================================
Received Import Request.
  Time since last request: 9.658793 seconds.
  path: Assets/Models/Coin
  artifactKey: Guid(12484badb71eb5a458f912ed9ef36fee) Importer(815301076,1909f56bfc062723c751e8b465ee728b)
Start importing Assets/Models/Coin using Guid(12484badb71eb5a458f912ed9ef36fee) Importer(815301076,1909f56bfc062723c751e8b465ee728b)  -> (artifact id: '762f9a7451a6bbf6468a757646391f74') in 0.005176 seconds 
========================================================================
Received Import Request.
  Time since last request: 952.279481 seconds.
  path: Assets/Models/PlatformObjects
  artifactKey: Guid(2747a2d1ba7e3a343bc25af295c9cc18) Importer(815301076,1909f56bfc062723c751e8b465ee728b)
Start importing Assets/Models/PlatformObjects using Guid(2747a2d1ba7e3a343bc25af295c9cc18) Importer(815301076,1909f56bfc062723c751e8b465ee728b)  -> (artifact id: 'a671698093cf5971407d5d80317f317e') in 0.004732 seconds 
========================================================================
Received Import Request.
  Time since last request: 52.613468 seconds.
  path: Assets/Models/PlatformObjects/Cube.prefab
  artifactKey: Guid(a9bd7b52101145e489075d60b14a90e4) Importer(815301076,1909f56bfc062723c751e8b465ee728b)
Start importing Assets/Models/PlatformObjects/Cube.prefab using Guid(a9bd7b52101145e489075d60b14a90e4) Importer(815301076,1909f56bfc062723c751e8b465ee728b)  -> (artifact id: '08ddb10f41a7def85f2dbc2e3ab6ee3d') in 0.102320 seconds 
========================================================================
Received Import Request.
  Time since last request: 656.096297 seconds.
  path: Assets/Models/stairs.zip
  artifactKey: Guid(ad1a2c89c54a6934da1f60db1a74aa7b) Importer(815301076,1909f56bfc062723c751e8b465ee728b)
Start importing Assets/Models/stairs.zip using Guid(ad1a2c89c54a6934da1f60db1a74aa7b) Importer(815301076,1909f56bfc062723c751e8b465ee728b)  -> (artifact id: '2697f5d5907cd4b7aefc8b5425b92c01') in 0.005997 seconds 
========================================================================
Received Import Request.
  Time since last request: 7.860441 seconds.
  path: Assets/Models/stairs.zip
  artifactKey: Guid(ad1a2c89c54a6934da1f60db1a74aa7b) Importer(815301076,1909f56bfc062723c751e8b465ee728b)
Start importing Assets/Models/stairs.zip using Guid(ad1a2c89c54a6934da1f60db1a74aa7b) Importer(815301076,1909f56bfc062723c751e8b465ee728b)  -> (artifact id: '47b09b1923217e19be5bd5e7f0b79e52') in 0.002132 seconds 
========================================================================
Received Import Request.
  Time since last request: 18.149989 seconds.
  path: Assets/Models/Stair
  artifactKey: Guid(64bab9442035b5143bd0c7e3ec9f1398) Importer(815301076,1909f56bfc062723c751e8b465ee728b)
Start importing Assets/Models/Stair using Guid(64bab9442035b5143bd0c7e3ec9f1398) Importer(815301076,1909f56bfc062723c751e8b465ee728b)  -> (artifact id: 'e3f794ab140d099cd17799d26d24c170') in 0.005593 seconds 
========================================================================
Received Import Request.
  Time since last request: 380.984761 seconds.
  path: Assets/Models/Coin/Coin.fbx
  artifactKey: Guid(24e277dd8b933b541a14a2249beb2479) Importer(815301076,1909f56bfc062723c751e8b465ee728b)
Start importing Assets/Models/Coin/Coin.fbx using Guid(24e277dd8b933b541a14a2249beb2479) Importer(815301076,1909f56bfc062723c751e8b465ee728b)  -> (artifact id: '9547084380a52f340dd1dd6f11e5df6b') in 0.024605 seconds 
========================================================================
Received Import Request.
  Time since last request: 14.040276 seconds.
  path: Assets/Models/Obstacles/Obstacle.fbx
  artifactKey: Guid(6b17d9c17d1d54e46a6bbab6173796a4) Importer(815301076,1909f56bfc062723c751e8b465ee728b)
Start importing Assets/Models/Obstacles/Obstacle.fbx using Guid(6b17d9c17d1d54e46a6bbab6173796a4) Importer(815301076,1909f56bfc062723c751e8b465ee728b)  -> (artifact id: 'a45dd18a48de63671564e30b6d85554c') in 0.021720 seconds 
