Using pre-set license
Built from '2022.1/staging' branch; Version is '2022.1.19f1 (2fd7b40534d1) revision 3135412'; Using compiler version '192829333'; Build Type 'Release'
OS: 'Windows 11  (10.0.22621) 64bit Professional' Language: 'tr' Physical Memory: 16251 MB
BatchMode: 1, IsHumanControllingUs: 0, StartBugReporterOnCrash: 0, Is64bit: 1, IsPro: 1

COMMAND LINE ARGUMENTS:
C:\Program Files\Unity\Hub\Editor\2022.1.19f1\Editor\Unity.exe
-adb2
-batchMode
-noUpm
-name
AssetImportWorker2
-projectPath
C:/Users/muitt/OneDrive/Belgeler/GitHub/Reves_Game_Case/Reves_Games_Case
-logFile
Logs/AssetImportWorker2.log
-srvPort
53345
Successfully changed project path to: C:/Users/muitt/OneDrive/Belgeler/GitHub/Reves_Game_Case/Reves_Games_Case
C:/Users/muitt/OneDrive/Belgeler/GitHub/Reves_Game_Case/Reves_Games_Case
[UnityMemory] Configuration Parameters - Can be set up in boot.config
    "memorysetup-bucket-allocator-granularity=16"
    "memorysetup-bucket-allocator-bucket-count=8"
    "memorysetup-bucket-allocator-block-size=33554432"
    "memorysetup-bucket-allocator-block-count=8"
    "memorysetup-main-allocator-block-size=16777216"
    "memorysetup-thread-allocator-block-size=16777216"
    "memorysetup-gfx-main-allocator-block-size=16777216"
    "memorysetup-gfx-thread-allocator-block-size=16777216"
    "memorysetup-cache-allocator-block-size=4194304"
    "memorysetup-typetree-allocator-block-size=2097152"
    "memorysetup-profiler-bucket-allocator-granularity=16"
    "memorysetup-profiler-bucket-allocator-bucket-count=8"
    "memorysetup-profiler-bucket-allocator-block-size=33554432"
    "memorysetup-profiler-bucket-allocator-block-count=8"
    "memorysetup-profiler-allocator-block-size=16777216"
    "memorysetup-profiler-editor-allocator-block-size=1048576"
    "memorysetup-temp-allocator-size-main=16777216"
    "memorysetup-job-temp-allocator-block-size=2097152"
    "memorysetup-job-temp-allocator-block-size-background=1048576"
    "memorysetup-job-temp-allocator-reduction-small-platforms=262144"
    "memorysetup-temp-allocator-size-background-worker=32768"
    "memorysetup-temp-allocator-size-job-worker=262144"
    "memorysetup-temp-allocator-size-preload-manager=33554432"
    "memorysetup-temp-allocator-size-nav-mesh-worker=65536"
    "memorysetup-temp-allocator-size-audio-worker=65536"
    "memorysetup-temp-allocator-size-cloud-worker=32768"
    "memorysetup-temp-allocator-size-gi-baking-worker=262144"
    "memorysetup-temp-allocator-size-gfx=262144"
Refreshing native plugins compatible for Editor in 72.83 ms, found 3 plugins.
Preloading 0 native plugins for Editor in 0.00 ms.
Initialize engine version: 2022.1.19f1 (2fd7b40534d1)
[Subsystems] Discovering subsystems at path C:/Program Files/Unity/Hub/Editor/2022.1.19f1/Editor/Data/Resources/UnitySubsystems
[Subsystems] Discovering subsystems at path C:/Users/muitt/OneDrive/Belgeler/GitHub/Reves_Game_Case/Reves_Games_Case/Assets
GfxDevice: creating device client; threaded=0; jobified=0
Direct3D:
    Version:  Direct3D 11.0 [level 11.1]
    Renderer: NVIDIA GeForce GTX 1650 Ti (ID=0x1f95)
    Vendor:   NVIDIA
    VRAM:     3962 MB
    Driver:   31.0.15.2225
Initialize mono
Mono path[0] = 'C:/Program Files/Unity/Hub/Editor/2022.1.19f1/Editor/Data/Managed'
Mono path[1] = 'C:/Program Files/Unity/Hub/Editor/2022.1.19f1/Editor/Data/MonoBleedingEdge/lib/mono/unityjit-win32'
Mono config path = 'C:/Program Files/Unity/Hub/Editor/2022.1.19f1/Editor/Data/MonoBleedingEdge/etc'
Using monoOptions --debugger-agent=transport=dt_socket,embedding=1,server=y,suspend=n,address=127.0.0.1:56532
Begin MonoManager ReloadAssembly
Registering precompiled unity dll's ...
Register platform support module: C:/Program Files/Unity/Hub/Editor/2022.1.19f1/Editor/Data/PlaybackEngines/AndroidPlayer/UnityEditor.Android.Extensions.dll
Register platform support module: C:/Program Files/Unity/Hub/Editor/2022.1.19f1/Editor/Data/PlaybackEngines/iOSSupport/UnityEditor.iOS.Extensions.dll
Register platform support module: C:/Program Files/Unity/Hub/Editor/2022.1.19f1/Editor/Data/PlaybackEngines/WindowsStandaloneSupport/UnityEditor.WindowsStandalone.Extensions.dll
Registered in 0.005552 seconds.
Native extension for WindowsStandalone target not found
[usbmuxd] Start listen thread
[usbmuxd] Listen thread started
Native extension for iOS target not found
Native extension for Android target not found
Refreshing native plugins compatible for Editor in 75.32 ms, found 3 plugins.
Preloading 0 native plugins for Editor in 0.00 ms.
Mono: successfully reloaded assembly
- Completed reload, in  0.947 seconds
Domain Reload Profiling:
	ReloadAssembly (947ms)
		BeginReloadAssembly (69ms)
			ExecutionOrderSort (0ms)
			DisableScriptedObjects (0ms)
			BackupInstance (0ms)
			ReleaseScriptingObjects (0ms)
			CreateAndSetChildDomain (1ms)
		EndReloadAssembly (654ms)
			LoadAssemblies (68ms)
			RebuildTransferFunctionScriptingTraits (0ms)
			SetupTypeCache (268ms)
				TypeCache.Initialize (268ms)
					TypeCache.ScanAssembly (267ms)
				ResolveRequiredComponents (0ms)
			ReleaseScriptCaches (0ms)
			RebuildScriptCaches (33ms)
			SetupLoadedEditorAssemblies (299ms)
				LogAssemblyErrors (0ms)
				InitializePlatformSupportModulesInManaged (61ms)
				SetLoadedEditorAssemblies (9ms)
				RefreshPlugins (75ms)
				BeforeProcessingInitializeOnLoad (1ms)
				ProcessInitializeOnLoadAttributes (105ms)
				ProcessInitializeOnLoadMethodAttributes (47ms)
				AfterProcessingInitializeOnLoad (0ms)
				EditorAssembliesLoaded (0ms)
			ExecutionOrderSort2 (0ms)
			AwakeInstancesAfterBackupRestoration (0ms)
Platform modules already initialized, skipping
Registering precompiled user dll's ...
Registered in 0.004746 seconds.
Begin MonoManager ReloadAssembly
Symbol file LoadedFromMemory doesn't match image C:\Users\muitt\OneDrive\Belgeler\GitHub\Reves_Game_Case\Reves_Games_Case\Library\PackageCache\com.unity.visualscripting@1.7.8\Editor\VisualScripting.Core\Dependencies\YamlDotNet\Unity.VisualScripting.YamlDotNet.dll
Symbol file LoadedFromMemory doesn't match image C:\Users\muitt\OneDrive\Belgeler\GitHub\Reves_Game_Case\Reves_Games_Case\Library\PackageCache\com.unity.visualscripting@1.7.8\Editor\VisualScripting.Core\Dependencies\DotNetZip\Unity.VisualScripting.IonicZip.dll
Native extension for WindowsStandalone target not found
Native extension for iOS target not found
Native extension for Android target not found
Refreshing native plugins compatible for Editor in 0.83 ms, found 3 plugins.
Preloading 0 native plugins for Editor in 0.00 ms.
Mono: successfully reloaded assembly
- Completed reload, in  1.236 seconds
Domain Reload Profiling:
	ReloadAssembly (1237ms)
		BeginReloadAssembly (230ms)
			ExecutionOrderSort (0ms)
			DisableScriptedObjects (5ms)
			BackupInstance (0ms)
			ReleaseScriptingObjects (0ms)
			CreateAndSetChildDomain (133ms)
		EndReloadAssembly (897ms)
			LoadAssemblies (77ms)
			RebuildTransferFunctionScriptingTraits (0ms)
			SetupTypeCache (278ms)
				TypeCache.Initialize (274ms)
					TypeCache.ScanAssembly (270ms)
				ResolveRequiredComponents (4ms)
			ReleaseScriptCaches (1ms)
			RebuildScriptCaches (48ms)
			SetupLoadedEditorAssemblies (442ms)
				LogAssemblyErrors (0ms)
				InitializePlatformSupportModulesInManaged (25ms)
				SetLoadedEditorAssemblies (9ms)
				RefreshPlugins (1ms)
				BeforeProcessingInitializeOnLoad (78ms)
				ProcessInitializeOnLoadAttributes (295ms)
				ProcessInitializeOnLoadMethodAttributes (27ms)
				AfterProcessingInitializeOnLoad (6ms)
				EditorAssembliesLoaded (0ms)
			ExecutionOrderSort2 (0ms)
			AwakeInstancesAfterBackupRestoration (6ms)
Platform modules already initialized, skipping
========================================================================
Worker process is ready to serve import requests
Launched and connected shader compiler UnityShaderCompiler.exe after 0.04 seconds
Refreshing native plugins compatible for Editor in 0.50 ms, found 3 plugins.
Preloading 0 native plugins for Editor in 0.00 ms.
Unloading 3415 Unused Serialized files (Serialized files now loaded: 0)
Unloading 26 unused Assets / (58.3 KB). Loaded Objects now: 3877.
Memory consumption went from 0.51 GB to 0.51 GB.
Total: 2.965000 ms (FindLiveObjects: 0.249900 ms CreateObjectMapping: 0.265200 ms MarkObjects: 2.376900 ms  DeleteObjects: 0.072500 ms)

AssetImportParameters requested are different than current active one (requested -> active):
  custom:video-decoder-ogg-theora: a1e56fd34408186e4bbccfd4996cb3dc -> 
  custom:container-muxer-webm: aa71ff27fc2769a1b78a27578f13a17b -> 
  custom:container-demuxer-webm: 4f35f7cbe854078d1ac9338744f61a02 -> 
  custom:video-encoder-webm-vp8: eb34c28f22e8b96e1ab97ce403110664 -> 
  custom:audio-encoder-webm-vorbis: bf7c407c2cedff20999df2af8eb42d56 -> 
  custom:framework-win-MediaFoundation: 216162199b28c13a410421893ffa2e32 -> 
  custom:container-demuxer-ogg: 62fdf1f143b41e24485cea50d1cbac27 -> 
  custom:video-decoder-webm-vp8: 9c59270c3fd7afecdb556c50c9e8de78 -> 
  custom:audio-decoder-ogg-vorbis: bf7c407c2cedff20999df2af8eb42d56 -> 
========================================================================
Received Import Request.
  Time since last request: 1052361.792676 seconds.
  path: Assets/Prefabs/PlatformObjectsPrefabs/Cylinder.prefab
  artifactKey: Guid(74d38c8a7f4af234cb451a252715e19d) Importer(815301076,1909f56bfc062723c751e8b465ee728b)
Start importing Assets/Prefabs/PlatformObjectsPrefabs/Cylinder.prefab using Guid(74d38c8a7f4af234cb451a252715e19d) Importer(815301076,1909f56bfc062723c751e8b465ee728b)  -> (artifact id: '2efcf985b6f6daf913ebc18a6c52d15a') in 0.200394 seconds 
========================================================================
Received Import Request.
  Time since last request: 2835.035928 seconds.
  path: Assets/Models/PlatformObjects/RunPart-_.fbx
  artifactKey: Guid(d90b0f83dc7f1544ca6b7b5a59ae753e) Importer(815301076,1909f56bfc062723c751e8b465ee728b)
Start importing Assets/Models/PlatformObjects/RunPart-_.fbx using Guid(d90b0f83dc7f1544ca6b7b5a59ae753e) Importer(815301076,1909f56bfc062723c751e8b465ee728b)  -> (artifact id: 'be6e06240c98ad28affb0bdf892c894c') in 0.017025 seconds 
========================================================================
Received Import Request.
  Time since last request: 0.530414 seconds.
  path: Assets/Models/PlatformObjects/RunPart-(.fbx
  artifactKey: Guid(d6f811733b647c743bed4a46a26f18a6) Importer(815301076,1909f56bfc062723c751e8b465ee728b)
Start importing Assets/Models/PlatformObjects/RunPart-(.fbx using Guid(d6f811733b647c743bed4a46a26f18a6) Importer(815301076,1909f56bfc062723c751e8b465ee728b)  -> (artifact id: 'bf12c7189571509a6ce8af6fd146f0a3') in 0.117970 seconds 
========================================================================
Received Import Request.
  Time since last request: 56.903248 seconds.
  path: Assets/Models/PlatformObjects/Cylinder.fbx
  artifactKey: Guid(2330b11f524ea554db0f4b12861d3de6) Importer(815301076,1909f56bfc062723c751e8b465ee728b)
Start importing Assets/Models/PlatformObjects/Cylinder.fbx using Guid(2330b11f524ea554db0f4b12861d3de6) Importer(815301076,1909f56bfc062723c751e8b465ee728b)  -> (artifact id: 'e8ba64bedf219cc2689fd0cff5ae2735') in 0.037198 seconds 
========================================================================
Received Import Request.
  Time since last request: 95.538159 seconds.
  path: Assets/Prefabs/PlatformObjectsPrefabs/Stair.prefab
  artifactKey: Guid(ae419801ca78fe94ea0db2235339cff8) Importer(815301076,1909f56bfc062723c751e8b465ee728b)
Start importing Assets/Prefabs/PlatformObjectsPrefabs/Stair.prefab using Guid(ae419801ca78fe94ea0db2235339cff8) Importer(815301076,1909f56bfc062723c751e8b465ee728b)  -> (artifact id: 'd0f7dc3608c9ffe22733e411a7d6efa2') in 0.025329 seconds 
========================================================================
Received Import Request.
  Time since last request: 88.469247 seconds.
  path: Assets/Models/PlatformObjects/RunPart-Straight.fbx
  artifactKey: Guid(e778cb756a2b18a4b8153bc21185311d) Importer(815301076,1909f56bfc062723c751e8b465ee728b)
Start importing Assets/Models/PlatformObjects/RunPart-Straight.fbx using Guid(e778cb756a2b18a4b8153bc21185311d) Importer(815301076,1909f56bfc062723c751e8b465ee728b)  -> (artifact id: 'e60ce0f11e88abcb46c594ffce167d2d') in 0.009952 seconds 
========================================================================
Received Import Request.
  Time since last request: 16.826815 seconds.
  path: Assets/Prefabs/PlatformObjectsPrefabs/LevelGenerator.prefab
  artifactKey: Guid(251060b1ff05e694f832f9f7cf6e16b4) Importer(815301076,1909f56bfc062723c751e8b465ee728b)
Start importing Assets/Prefabs/PlatformObjectsPrefabs/LevelGenerator.prefab using Guid(251060b1ff05e694f832f9f7cf6e16b4) Importer(815301076,1909f56bfc062723c751e8b465ee728b)  -> (artifact id: 'a3248a6e01c13f2936b2f34d699947e3') in 0.009086 seconds 
========================================================================
Received Import Request.
  Time since last request: 10.398726 seconds.
  path: Assets/Prefabs/PlatformObjectsPrefabs/RunPart-(.prefab
  artifactKey: Guid(a255179e3b83f7e4fa771c3eedb048dc) Importer(815301076,1909f56bfc062723c751e8b465ee728b)
Start importing Assets/Prefabs/PlatformObjectsPrefabs/RunPart-(.prefab using Guid(a255179e3b83f7e4fa771c3eedb048dc) Importer(815301076,1909f56bfc062723c751e8b465ee728b)  -> (artifact id: '26e39758cc100850246dd8201296f645') in 0.016055 seconds 
========================================================================
Received Import Request.
  Time since last request: 4.907149 seconds.
  path: Assets/Prefabs/PlatformObjectsPrefabs/RunPart-_.prefab
  artifactKey: Guid(b1602b96ae5e45843a70128cc5161eb7) Importer(815301076,1909f56bfc062723c751e8b465ee728b)
Start importing Assets/Prefabs/PlatformObjectsPrefabs/RunPart-_.prefab using Guid(b1602b96ae5e45843a70128cc5161eb7) Importer(815301076,1909f56bfc062723c751e8b465ee728b)  -> (artifact id: '49ea1560c3942446928505ca3c96c0d4') in 0.004413 seconds 
========================================================================
Received Import Request.
  Time since last request: 3.989268 seconds.
  path: Assets/Prefabs/RunPart-__.prefab
  artifactKey: Guid(337369afbf549384b961b4f1273b830b) Importer(815301076,1909f56bfc062723c751e8b465ee728b)
Start importing Assets/Prefabs/RunPart-__.prefab using Guid(337369afbf549384b961b4f1273b830b) Importer(815301076,1909f56bfc062723c751e8b465ee728b)  -> (artifact id: 'be5284642545881b529aa1528a8ea73f') in 0.015879 seconds 
========================================================================
Received Import Request.
  Time since last request: 10.412768 seconds.
  path: Assets/Prefabs/PlatformObjectsPrefabs/RunPart-Donut.prefab
  artifactKey: Guid(a59a2643732949d44af43800dddd85af) Importer(815301076,1909f56bfc062723c751e8b465ee728b)
Start importing Assets/Prefabs/PlatformObjectsPrefabs/RunPart-Donut.prefab using Guid(a59a2643732949d44af43800dddd85af) Importer(815301076,1909f56bfc062723c751e8b465ee728b)  -> (artifact id: '47907514d78e7aa2cee5e25e97c861b2') in 0.014276 seconds 
========================================================================
Received Import Request.
  Time since last request: 4.992045 seconds.
  path: Assets/Prefabs/PlatformObjectsPrefabs/RunPart-Straight.prefab
  artifactKey: Guid(caabf1f25fbe39448941b19c63e4af30) Importer(815301076,1909f56bfc062723c751e8b465ee728b)
Start importing Assets/Prefabs/PlatformObjectsPrefabs/RunPart-Straight.prefab using Guid(caabf1f25fbe39448941b19c63e4af30) Importer(815301076,1909f56bfc062723c751e8b465ee728b)  -> (artifact id: 'c64b521b4a8a8abadfc73e0995dafe8b') in 0.004960 seconds 
========================================================================
Received Import Request.
  Time since last request: 5.906950 seconds.
  path: Assets/Prefabs/PlatformObjectsPrefabs/RunPart-V.prefab
  artifactKey: Guid(3a8e50e13d77bca40bd873bf9941e870) Importer(815301076,1909f56bfc062723c751e8b465ee728b)
Start importing Assets/Prefabs/PlatformObjectsPrefabs/RunPart-V.prefab using Guid(3a8e50e13d77bca40bd873bf9941e870) Importer(815301076,1909f56bfc062723c751e8b465ee728b)  -> (artifact id: '59362c049f47188ea27ff88cfcd77a3b') in 0.013438 seconds 
========================================================================
Received Import Request.
  Time since last request: 4.188323 seconds.
  path: Assets/Prefabs/PlatformObjectsPrefabs/RunPart-Z.prefab
  artifactKey: Guid(4df7163344a0400498675688d3047b38) Importer(815301076,1909f56bfc062723c751e8b465ee728b)
Start importing Assets/Prefabs/PlatformObjectsPrefabs/RunPart-Z.prefab using Guid(4df7163344a0400498675688d3047b38) Importer(815301076,1909f56bfc062723c751e8b465ee728b)  -> (artifact id: '2a8e1a59f5cee08024156012747085c5') in 0.012708 seconds 
========================================================================
Received Prepare
Registering precompiled user dll's ...
Registered in 0.004767 seconds.
Begin MonoManager ReloadAssembly
Symbol file LoadedFromMemory doesn't match image C:\Users\muitt\OneDrive\Belgeler\GitHub\Reves_Game_Case\Reves_Games_Case\Library\PackageCache\com.unity.visualscripting@1.7.8\Editor\VisualScripting.Core\Dependencies\YamlDotNet\Unity.VisualScripting.YamlDotNet.dll
Symbol file LoadedFromMemory doesn't match image C:\Users\muitt\OneDrive\Belgeler\GitHub\Reves_Game_Case\Reves_Games_Case\Library\PackageCache\com.unity.visualscripting@1.7.8\Editor\VisualScripting.Core\Dependencies\DotNetZip\Unity.VisualScripting.IonicZip.dll
Native extension for WindowsStandalone target not found
Native extension for iOS target not found
Native extension for Android target not found
Refreshing native plugins compatible for Editor in 0.62 ms, found 3 plugins.
Preloading 0 native plugins for Editor in 0.00 ms.
Mono: successfully reloaded assembly
- Completed reload, in  1.061 seconds
Domain Reload Profiling:
	ReloadAssembly (1062ms)
		BeginReloadAssembly (130ms)
			ExecutionOrderSort (0ms)
			DisableScriptedObjects (5ms)
			BackupInstance (0ms)
			ReleaseScriptingObjects (0ms)
			CreateAndSetChildDomain (40ms)
		EndReloadAssembly (835ms)
			LoadAssemblies (79ms)
			RebuildTransferFunctionScriptingTraits (0ms)
			SetupTypeCache (302ms)
				TypeCache.Initialize (295ms)
					TypeCache.ScanAssembly (288ms)
				ResolveRequiredComponents (7ms)
			ReleaseScriptCaches (1ms)
			RebuildScriptCaches (43ms)
			SetupLoadedEditorAssemblies (352ms)
				LogAssemblyErrors (0ms)
				InitializePlatformSupportModulesInManaged (33ms)
				SetLoadedEditorAssemblies (7ms)
				RefreshPlugins (1ms)
				BeforeProcessingInitializeOnLoad (60ms)
				ProcessInitializeOnLoadAttributes (217ms)
				ProcessInitializeOnLoadMethodAttributes (29ms)
				AfterProcessingInitializeOnLoad (6ms)
				EditorAssembliesLoaded (0ms)
			ExecutionOrderSort2 (0ms)
			AwakeInstancesAfterBackupRestoration (6ms)
Platform modules already initialized, skipping
Refreshing native plugins compatible for Editor in 2.02 ms, found 3 plugins.
Preloading 0 native plugins for Editor in 0.00 ms.
Unloading 3408 Unused Serialized files (Serialized files now loaded: 0)
Unloading 18 unused Assets / (24.7 KB). Loaded Objects now: 3929.
Memory consumption went from 0.51 GB to 0.51 GB.
Total: 2.781600 ms (FindLiveObjects: 0.272600 ms CreateObjectMapping: 0.203500 ms MarkObjects: 2.268700 ms  DeleteObjects: 0.035600 ms)

AssetImportParameters requested are different than current active one (requested -> active):
  custom:video-decoder-ogg-theora: a1e56fd34408186e4bbccfd4996cb3dc -> 
  custom:container-muxer-webm: aa71ff27fc2769a1b78a27578f13a17b -> 
  custom:container-demuxer-webm: 4f35f7cbe854078d1ac9338744f61a02 -> 
  custom:video-encoder-webm-vp8: eb34c28f22e8b96e1ab97ce403110664 -> 
  custom:audio-encoder-webm-vorbis: bf7c407c2cedff20999df2af8eb42d56 -> 
  custom:framework-win-MediaFoundation: 216162199b28c13a410421893ffa2e32 -> 
  custom:container-demuxer-ogg: 62fdf1f143b41e24485cea50d1cbac27 -> 
  custom:video-decoder-webm-vp8: 9c59270c3fd7afecdb556c50c9e8de78 -> 
  custom:audio-decoder-ogg-vorbis: bf7c407c2cedff20999df2af8eb42d56 -> 
========================================================================
Received Import Request.
  Time since last request: 62.495753 seconds.
  path: Assets/Prefabs/PlatformObjectsPrefabs/RunPart-V.prefab
  artifactKey: Guid(3a8e50e13d77bca40bd873bf9941e870) Importer(815301076,1909f56bfc062723c751e8b465ee728b)
Start importing Assets/Prefabs/PlatformObjectsPrefabs/RunPart-V.prefab using Guid(3a8e50e13d77bca40bd873bf9941e870) Importer(815301076,1909f56bfc062723c751e8b465ee728b)  -> (artifact id: '01c389b958a41c8c607d193c3e05dde0') in 0.074888 seconds 
========================================================================
Received Import Request.
  Time since last request: 102.209358 seconds.
  path: Assets/Models/PlatformObjects/RunPart-Straight.fbx
  artifactKey: Guid(e778cb756a2b18a4b8153bc21185311d) Importer(815301076,1909f56bfc062723c751e8b465ee728b)
Start importing Assets/Models/PlatformObjects/RunPart-Straight.fbx using Guid(e778cb756a2b18a4b8153bc21185311d) Importer(815301076,1909f56bfc062723c751e8b465ee728b)  -> (artifact id: 'e4629f00d01d3fee2796b2892ea02584') in 0.008405 seconds 
========================================================================
Received Import Request.
  Time since last request: 23.898832 seconds.
  path: Assets/Models/PlatformObjects/RunPart-Straight.fbx
  artifactKey: Guid(e778cb756a2b18a4b8153bc21185311d) Importer(815301076,1909f56bfc062723c751e8b465ee728b)
Start importing Assets/Models/PlatformObjects/RunPart-Straight.fbx using Guid(e778cb756a2b18a4b8153bc21185311d) Importer(815301076,1909f56bfc062723c751e8b465ee728b)  -> (artifact id: '7389183db31df91fdf88d825b415a825') in 0.005036 seconds 
========================================================================
Received Import Request.
  Time since last request: 59.716135 seconds.
  path: Assets/Models/PlatformObjects/Cubesss.fbx
  artifactKey: Guid(9da8124a54b7bc14daa7ed562b4c6667) Importer(815301076,1909f56bfc062723c751e8b465ee728b)
Start importing Assets/Models/PlatformObjects/Cubesss.fbx using Guid(9da8124a54b7bc14daa7ed562b4c6667) Importer(815301076,1909f56bfc062723c751e8b465ee728b)  -> (artifact id: 'add70e3a31dd0e8ae59122878a8a258b') in 0.286582 seconds 
========================================================================
Received Import Request.
  Time since last request: 29.168880 seconds.
  path: Assets/Models/PlatformObjects/RunPart-Donut.fbx
  artifactKey: Guid(b6ab13f86537e4e46b58bdf49eb0002a) Importer(815301076,1909f56bfc062723c751e8b465ee728b)
Start importing Assets/Models/PlatformObjects/RunPart-Donut.fbx using Guid(b6ab13f86537e4e46b58bdf49eb0002a) Importer(815301076,1909f56bfc062723c751e8b465ee728b)  -> (artifact id: '0f12663dcec80a219c32c2f761cfe202') in 0.017930 seconds 
========================================================================
Received Import Request.
  Time since last request: 37.279129 seconds.
  path: Assets/Prefabs/PlatformObjectsPrefabs/RunPart-Straight.prefab
  artifactKey: Guid(caabf1f25fbe39448941b19c63e4af30) Importer(815301076,1909f56bfc062723c751e8b465ee728b)
Start importing Assets/Prefabs/PlatformObjectsPrefabs/RunPart-Straight.prefab using Guid(caabf1f25fbe39448941b19c63e4af30) Importer(815301076,1909f56bfc062723c751e8b465ee728b)  -> (artifact id: '6257655203aeebcf0b6b94baa82c0dd9') in 0.011384 seconds 
========================================================================
Received Prepare
Registering precompiled user dll's ...
Registered in 0.004490 seconds.
Begin MonoManager ReloadAssembly
Symbol file LoadedFromMemory doesn't match image C:\Users\muitt\OneDrive\Belgeler\GitHub\Reves_Game_Case\Reves_Games_Case\Library\PackageCache\com.unity.visualscripting@1.7.8\Editor\VisualScripting.Core\Dependencies\YamlDotNet\Unity.VisualScripting.YamlDotNet.dll
Symbol file LoadedFromMemory doesn't match image C:\Users\muitt\OneDrive\Belgeler\GitHub\Reves_Game_Case\Reves_Games_Case\Library\PackageCache\com.unity.visualscripting@1.7.8\Editor\VisualScripting.Core\Dependencies\DotNetZip\Unity.VisualScripting.IonicZip.dll
Native extension for WindowsStandalone target not found
Native extension for iOS target not found
Native extension for Android target not found
Refreshing native plugins compatible for Editor in 0.60 ms, found 3 plugins.
Preloading 0 native plugins for Editor in 0.00 ms.
Mono: successfully reloaded assembly
- Completed reload, in  1.048 seconds
Domain Reload Profiling:
	ReloadAssembly (1048ms)
		BeginReloadAssembly (127ms)
			ExecutionOrderSort (0ms)
			DisableScriptedObjects (5ms)
			BackupInstance (0ms)
			ReleaseScriptingObjects (0ms)
			CreateAndSetChildDomain (37ms)
		EndReloadAssembly (827ms)
			LoadAssemblies (82ms)
			RebuildTransferFunctionScriptingTraits (0ms)
			SetupTypeCache (283ms)
				TypeCache.Initialize (279ms)
					TypeCache.ScanAssembly (274ms)
				ResolveRequiredComponents (4ms)
			ReleaseScriptCaches (1ms)
			RebuildScriptCaches (44ms)
			SetupLoadedEditorAssemblies (362ms)
				LogAssemblyErrors (0ms)
				InitializePlatformSupportModulesInManaged (34ms)
				SetLoadedEditorAssemblies (7ms)
				RefreshPlugins (1ms)
				BeforeProcessingInitializeOnLoad (64ms)
				ProcessInitializeOnLoadAttributes (219ms)
				ProcessInitializeOnLoadMethodAttributes (31ms)
				AfterProcessingInitializeOnLoad (6ms)
				EditorAssembliesLoaded (0ms)
			ExecutionOrderSort2 (0ms)
			AwakeInstancesAfterBackupRestoration (6ms)
Platform modules already initialized, skipping
Refreshing native plugins compatible for Editor in 1.70 ms, found 3 plugins.
Preloading 0 native plugins for Editor in 0.00 ms.
Unloading 3408 Unused Serialized files (Serialized files now loaded: 0)
Unloading 18 unused Assets / (24.7 KB). Loaded Objects now: 3932.
Memory consumption went from 0.51 GB to 0.51 GB.
Total: 3.401600 ms (FindLiveObjects: 0.263900 ms CreateObjectMapping: 0.231800 ms MarkObjects: 2.880900 ms  DeleteObjects: 0.023900 ms)

AssetImportParameters requested are different than current active one (requested -> active):
  custom:video-decoder-ogg-theora: a1e56fd34408186e4bbccfd4996cb3dc -> 
  custom:container-muxer-webm: aa71ff27fc2769a1b78a27578f13a17b -> 
  custom:container-demuxer-webm: 4f35f7cbe854078d1ac9338744f61a02 -> 
  custom:video-encoder-webm-vp8: eb34c28f22e8b96e1ab97ce403110664 -> 
  custom:audio-encoder-webm-vorbis: bf7c407c2cedff20999df2af8eb42d56 -> 
  custom:framework-win-MediaFoundation: 216162199b28c13a410421893ffa2e32 -> 
  custom:container-demuxer-ogg: 62fdf1f143b41e24485cea50d1cbac27 -> 
  custom:video-decoder-webm-vp8: 9c59270c3fd7afecdb556c50c9e8de78 -> 
  custom:audio-decoder-ogg-vorbis: bf7c407c2cedff20999df2af8eb42d56 -> 
========================================================================
Received Import Request.
  Time since last request: 50.950589 seconds.
  path: Assets/Prefabs/PlatformObjectsPrefabs/RunPart-Z.prefab
  artifactKey: Guid(4df7163344a0400498675688d3047b38) Importer(815301076,1909f56bfc062723c751e8b465ee728b)
Start importing Assets/Prefabs/PlatformObjectsPrefabs/RunPart-Z.prefab using Guid(4df7163344a0400498675688d3047b38) Importer(815301076,1909f56bfc062723c751e8b465ee728b)  -> (artifact id: '0d990e1f23d09cc32355dc57ad09fc08') in 0.077198 seconds 
========================================================================
Received Prepare
Registering precompiled user dll's ...
Registered in 0.007911 seconds.
Begin MonoManager ReloadAssembly
Symbol file LoadedFromMemory doesn't match image C:\Users\muitt\OneDrive\Belgeler\GitHub\Reves_Game_Case\Reves_Games_Case\Library\PackageCache\com.unity.visualscripting@1.7.8\Editor\VisualScripting.Core\Dependencies\YamlDotNet\Unity.VisualScripting.YamlDotNet.dll
Symbol file LoadedFromMemory doesn't match image C:\Users\muitt\OneDrive\Belgeler\GitHub\Reves_Game_Case\Reves_Games_Case\Library\PackageCache\com.unity.visualscripting@1.7.8\Editor\VisualScripting.Core\Dependencies\DotNetZip\Unity.VisualScripting.IonicZip.dll
Native extension for WindowsStandalone target not found
Native extension for iOS target not found
Native extension for Android target not found
Refreshing native plugins compatible for Editor in 0.88 ms, found 3 plugins.
Preloading 0 native plugins for Editor in 0.00 ms.
Mono: successfully reloaded assembly
- Completed reload, in  1.075 seconds
Domain Reload Profiling:
	ReloadAssembly (1075ms)
		BeginReloadAssembly (134ms)
			ExecutionOrderSort (0ms)
			DisableScriptedObjects (6ms)
			BackupInstance (0ms)
			ReleaseScriptingObjects (0ms)
			CreateAndSetChildDomain (39ms)
		EndReloadAssembly (841ms)
			LoadAssemblies (84ms)
			RebuildTransferFunctionScriptingTraits (0ms)
			SetupTypeCache (307ms)
				TypeCache.Initialize (301ms)
					TypeCache.ScanAssembly (295ms)
				ResolveRequiredComponents (5ms)
			ReleaseScriptCaches (1ms)
			RebuildScriptCaches (43ms)
			SetupLoadedEditorAssemblies (351ms)
				LogAssemblyErrors (0ms)
				InitializePlatformSupportModulesInManaged (36ms)
				SetLoadedEditorAssemblies (7ms)
				RefreshPlugins (1ms)
				BeforeProcessingInitializeOnLoad (59ms)
				ProcessInitializeOnLoadAttributes (214ms)
				ProcessInitializeOnLoadMethodAttributes (28ms)
				AfterProcessingInitializeOnLoad (6ms)
				EditorAssembliesLoaded (0ms)
			ExecutionOrderSort2 (0ms)
			AwakeInstancesAfterBackupRestoration (7ms)
Platform modules already initialized, skipping
Refreshing native plugins compatible for Editor in 1.89 ms, found 3 plugins.
Preloading 0 native plugins for Editor in 0.00 ms.
Unloading 3408 Unused Serialized files (Serialized files now loaded: 0)
Unloading 18 unused Assets / (24.6 KB). Loaded Objects now: 3935.
Memory consumption went from 0.51 GB to 0.51 GB.
Total: 2.940600 ms (FindLiveObjects: 0.268400 ms CreateObjectMapping: 0.224000 ms MarkObjects: 2.420500 ms  DeleteObjects: 0.026900 ms)

AssetImportParameters requested are different than current active one (requested -> active):
  custom:video-decoder-ogg-theora: a1e56fd34408186e4bbccfd4996cb3dc -> 
  custom:container-muxer-webm: aa71ff27fc2769a1b78a27578f13a17b -> 
  custom:container-demuxer-webm: 4f35f7cbe854078d1ac9338744f61a02 -> 
  custom:video-encoder-webm-vp8: eb34c28f22e8b96e1ab97ce403110664 -> 
  custom:audio-encoder-webm-vorbis: bf7c407c2cedff20999df2af8eb42d56 -> 
  custom:framework-win-MediaFoundation: 216162199b28c13a410421893ffa2e32 -> 
  custom:container-demuxer-ogg: 62fdf1f143b41e24485cea50d1cbac27 -> 
  custom:video-decoder-webm-vp8: 9c59270c3fd7afecdb556c50c9e8de78 -> 
  custom:audio-decoder-ogg-vorbis: bf7c407c2cedff20999df2af8eb42d56 -> 
========================================================================
Received Import Request.
  Time since last request: 56.435611 seconds.
  path: Assets/Prefabs/PlatformObjectsPrefabs/RunPart-__.prefab
  artifactKey: Guid(337369afbf549384b961b4f1273b830b) Importer(815301076,1909f56bfc062723c751e8b465ee728b)
Start importing Assets/Prefabs/PlatformObjectsPrefabs/RunPart-__.prefab using Guid(337369afbf549384b961b4f1273b830b) Importer(815301076,1909f56bfc062723c751e8b465ee728b)  -> (artifact id: '128da419e61afef7df466bd08c952d0e') in 0.136297 seconds 
========================================================================
Received Import Request.
  Time since last request: 0.915191 seconds.
  path: Assets/Prefabs/PlatformObjectsPrefabs/RunPart-_.prefab
  artifactKey: Guid(b1602b96ae5e45843a70128cc5161eb7) Importer(815301076,1909f56bfc062723c751e8b465ee728b)
Start importing Assets/Prefabs/PlatformObjectsPrefabs/RunPart-_.prefab using Guid(b1602b96ae5e45843a70128cc5161eb7) Importer(815301076,1909f56bfc062723c751e8b465ee728b)  -> (artifact id: '907804e0600b8df8e74c16224c74ce57') in 0.010925 seconds 
========================================================================
Received Import Request.
  Time since last request: 1.206742 seconds.
  path: Assets/Prefabs/PlatformObjectsPrefabs/RunPart-(.prefab
  artifactKey: Guid(a255179e3b83f7e4fa771c3eedb048dc) Importer(815301076,1909f56bfc062723c751e8b465ee728b)
Start importing Assets/Prefabs/PlatformObjectsPrefabs/RunPart-(.prefab using Guid(a255179e3b83f7e4fa771c3eedb048dc) Importer(815301076,1909f56bfc062723c751e8b465ee728b)  -> (artifact id: '5c06a1ba02105483a6890c7c134395c9') in 0.010368 seconds 
========================================================================
Received Import Request.
  Time since last request: 25.396826 seconds.
  path: Assets/Models/PlatformObjects/Cubesss.fbx
  artifactKey: Guid(9b386e599d526494db9859edf4a3c122) Importer(815301076,1909f56bfc062723c751e8b465ee728b)
Start importing Assets/Models/PlatformObjects/Cubesss.fbx using Guid(9b386e599d526494db9859edf4a3c122) Importer(815301076,1909f56bfc062723c751e8b465ee728b)  -> (artifact id: '7c315bed7d1db57c69c0a69379b418b8') in 0.007277 seconds 
========================================================================
Received Import Request.
  Time since last request: 36.000059 seconds.
  path: Assets/Models/PlatformObjects/kucuk.fbx
  artifactKey: Guid(d864f4de4700dfb438bc4b8aa2cf2c59) Importer(815301076,1909f56bfc062723c751e8b465ee728b)
Start importing Assets/Models/PlatformObjects/kucuk.fbx using Guid(d864f4de4700dfb438bc4b8aa2cf2c59) Importer(815301076,1909f56bfc062723c751e8b465ee728b)  -> (artifact id: 'd9e60b520a697814bd57724bb69b518e') in 0.041705 seconds 
========================================================================
Received Import Request.
  Time since last request: 31.643818 seconds.
  path: Assets/Prefabs/PlatformObjectsPrefabs/RunPart-Small.prefab
  artifactKey: Guid(fc2705ce0228b734bafd939759dcd529) Importer(815301076,1909f56bfc062723c751e8b465ee728b)
Start importing Assets/Prefabs/PlatformObjectsPrefabs/RunPart-Small.prefab using Guid(fc2705ce0228b734bafd939759dcd529) Importer(815301076,1909f56bfc062723c751e8b465ee728b)  -> (artifact id: '7e49dc058a349a26b47b15a38a4e35bc') in 0.013425 seconds 
========================================================================
Received Prepare
Registering precompiled user dll's ...
Registered in 0.004855 seconds.
Begin MonoManager ReloadAssembly
Symbol file LoadedFromMemory doesn't match image C:\Users\muitt\OneDrive\Belgeler\GitHub\Reves_Game_Case\Reves_Games_Case\Library\PackageCache\com.unity.visualscripting@1.7.8\Editor\VisualScripting.Core\Dependencies\YamlDotNet\Unity.VisualScripting.YamlDotNet.dll
Symbol file LoadedFromMemory doesn't match image C:\Users\muitt\OneDrive\Belgeler\GitHub\Reves_Game_Case\Reves_Games_Case\Library\PackageCache\com.unity.visualscripting@1.7.8\Editor\VisualScripting.Core\Dependencies\DotNetZip\Unity.VisualScripting.IonicZip.dll
Native extension for WindowsStandalone target not found
Native extension for iOS target not found
Native extension for Android target not found
Refreshing native plugins compatible for Editor in 0.70 ms, found 3 plugins.
Preloading 0 native plugins for Editor in 0.00 ms.
Mono: successfully reloaded assembly
- Completed reload, in  1.080 seconds
Domain Reload Profiling:
	ReloadAssembly (1081ms)
		BeginReloadAssembly (129ms)
			ExecutionOrderSort (0ms)
			DisableScriptedObjects (4ms)
			BackupInstance (0ms)
			ReleaseScriptingObjects (0ms)
			CreateAndSetChildDomain (39ms)
		EndReloadAssembly (848ms)
			LoadAssemblies (78ms)
			RebuildTransferFunctionScriptingTraits (0ms)
			SetupTypeCache (313ms)
				TypeCache.Initialize (308ms)
					TypeCache.ScanAssembly (303ms)
				ResolveRequiredComponents (4ms)
			ReleaseScriptCaches (1ms)
			RebuildScriptCaches (47ms)
			SetupLoadedEditorAssemblies (348ms)
				LogAssemblyErrors (0ms)
				InitializePlatformSupportModulesInManaged (34ms)
				SetLoadedEditorAssemblies (7ms)
				RefreshPlugins (1ms)
				BeforeProcessingInitializeOnLoad (70ms)
				ProcessInitializeOnLoadAttributes (205ms)
				ProcessInitializeOnLoadMethodAttributes (25ms)
				AfterProcessingInitializeOnLoad (5ms)
				EditorAssembliesLoaded (0ms)
			ExecutionOrderSort2 (0ms)
			AwakeInstancesAfterBackupRestoration (5ms)
Platform modules already initialized, skipping
Refreshing native plugins compatible for Editor in 1.45 ms, found 3 plugins.
Preloading 0 native plugins for Editor in 0.00 ms.
Unloading 3408 Unused Serialized files (Serialized files now loaded: 0)
Unloading 18 unused Assets / (24.8 KB). Loaded Objects now: 3938.
Memory consumption went from 0.51 GB to 0.51 GB.
Total: 2.677800 ms (FindLiveObjects: 0.253800 ms CreateObjectMapping: 0.169300 ms MarkObjects: 2.219700 ms  DeleteObjects: 0.034400 ms)

AssetImportParameters requested are different than current active one (requested -> active):
  custom:video-decoder-ogg-theora: a1e56fd34408186e4bbccfd4996cb3dc -> 
  custom:container-muxer-webm: aa71ff27fc2769a1b78a27578f13a17b -> 
  custom:container-demuxer-webm: 4f35f7cbe854078d1ac9338744f61a02 -> 
  custom:video-encoder-webm-vp8: eb34c28f22e8b96e1ab97ce403110664 -> 
  custom:audio-encoder-webm-vorbis: bf7c407c2cedff20999df2af8eb42d56 -> 
  custom:framework-win-MediaFoundation: 216162199b28c13a410421893ffa2e32 -> 
  custom:container-demuxer-ogg: 62fdf1f143b41e24485cea50d1cbac27 -> 
  custom:video-decoder-webm-vp8: 9c59270c3fd7afecdb556c50c9e8de78 -> 
  custom:audio-decoder-ogg-vorbis: bf7c407c2cedff20999df2af8eb42d56 -> 
========================================================================
Received Prepare
Registering precompiled user dll's ...
Registered in 0.005234 seconds.
Begin MonoManager ReloadAssembly
Symbol file LoadedFromMemory doesn't match image C:\Users\muitt\OneDrive\Belgeler\GitHub\Reves_Game_Case\Reves_Games_Case\Library\PackageCache\com.unity.visualscripting@1.7.8\Editor\VisualScripting.Core\Dependencies\YamlDotNet\Unity.VisualScripting.YamlDotNet.dll
Symbol file LoadedFromMemory doesn't match image C:\Users\muitt\OneDrive\Belgeler\GitHub\Reves_Game_Case\Reves_Games_Case\Library\PackageCache\com.unity.visualscripting@1.7.8\Editor\VisualScripting.Core\Dependencies\DotNetZip\Unity.VisualScripting.IonicZip.dll
Native extension for WindowsStandalone target not found
Native extension for iOS target not found
Native extension for Android target not found
Refreshing native plugins compatible for Editor in 0.75 ms, found 3 plugins.
Preloading 0 native plugins for Editor in 0.00 ms.
Mono: successfully reloaded assembly
- Completed reload, in  1.065 seconds
Domain Reload Profiling:
	ReloadAssembly (1094ms)
		BeginReloadAssembly (126ms)
			ExecutionOrderSort (0ms)
			DisableScriptedObjects (6ms)
			BackupInstance (0ms)
			ReleaseScriptingObjects (0ms)
			CreateAndSetChildDomain (37ms)
		EndReloadAssembly (865ms)
			LoadAssemblies (84ms)
			RebuildTransferFunctionScriptingTraits (0ms)
			SetupTypeCache (285ms)
				TypeCache.Initialize (280ms)
					TypeCache.ScanAssembly (274ms)
				ResolveRequiredComponents (4ms)
			ReleaseScriptCaches (1ms)
			RebuildScriptCaches (44ms)
			SetupLoadedEditorAssemblies (358ms)
				LogAssemblyErrors (0ms)
				InitializePlatformSupportModulesInManaged (33ms)
				SetLoadedEditorAssemblies (7ms)
				RefreshPlugins (1ms)
				BeforeProcessingInitializeOnLoad (64ms)
				ProcessInitializeOnLoadAttributes (220ms)
				ProcessInitializeOnLoadMethodAttributes (28ms)
				AfterProcessingInitializeOnLoad (5ms)
				EditorAssembliesLoaded (0ms)
			ExecutionOrderSort2 (0ms)
			AwakeInstancesAfterBackupRestoration (6ms)
Platform modules already initialized, skipping
Refreshing native plugins compatible for Editor in 1.75 ms, found 3 plugins.
Preloading 0 native plugins for Editor in 0.00 ms.
Unloading 3408 Unused Serialized files (Serialized files now loaded: 0)
Unloading 18 unused Assets / (24.6 KB). Loaded Objects now: 3941.
Memory consumption went from 0.51 GB to 0.51 GB.
Total: 2.955300 ms (FindLiveObjects: 0.263800 ms CreateObjectMapping: 0.331900 ms MarkObjects: 2.335700 ms  DeleteObjects: 0.022700 ms)

AssetImportParameters requested are different than current active one (requested -> active):
  custom:video-decoder-ogg-theora: a1e56fd34408186e4bbccfd4996cb3dc -> 
  custom:container-muxer-webm: aa71ff27fc2769a1b78a27578f13a17b -> 
  custom:container-demuxer-webm: 4f35f7cbe854078d1ac9338744f61a02 -> 
  custom:video-encoder-webm-vp8: eb34c28f22e8b96e1ab97ce403110664 -> 
  custom:audio-encoder-webm-vorbis: bf7c407c2cedff20999df2af8eb42d56 -> 
  custom:framework-win-MediaFoundation: 216162199b28c13a410421893ffa2e32 -> 
  custom:container-demuxer-ogg: 62fdf1f143b41e24485cea50d1cbac27 -> 
  custom:video-decoder-webm-vp8: 9c59270c3fd7afecdb556c50c9e8de78 -> 
  custom:audio-decoder-ogg-vorbis: bf7c407c2cedff20999df2af8eb42d56 -> 
========================================================================
Received Prepare
Registering precompiled user dll's ...
Registered in 0.005813 seconds.
Begin MonoManager ReloadAssembly
Symbol file LoadedFromMemory doesn't match image C:\Users\muitt\OneDrive\Belgeler\GitHub\Reves_Game_Case\Reves_Games_Case\Library\PackageCache\com.unity.visualscripting@1.7.8\Editor\VisualScripting.Core\Dependencies\YamlDotNet\Unity.VisualScripting.YamlDotNet.dll
Symbol file LoadedFromMemory doesn't match image C:\Users\muitt\OneDrive\Belgeler\GitHub\Reves_Game_Case\Reves_Games_Case\Library\PackageCache\com.unity.visualscripting@1.7.8\Editor\VisualScripting.Core\Dependencies\DotNetZip\Unity.VisualScripting.IonicZip.dll
Native extension for WindowsStandalone target not found
Native extension for iOS target not found
Native extension for Android target not found
Refreshing native plugins compatible for Editor in 0.66 ms, found 3 plugins.
Preloading 0 native plugins for Editor in 0.00 ms.
Mono: successfully reloaded assembly
- Completed reload, in  1.133 seconds
Domain Reload Profiling:
	ReloadAssembly (1134ms)
		BeginReloadAssembly (146ms)
			ExecutionOrderSort (0ms)
			DisableScriptedObjects (5ms)
			BackupInstance (0ms)
			ReleaseScriptingObjects (0ms)
			CreateAndSetChildDomain (46ms)
		EndReloadAssembly (889ms)
			LoadAssemblies (87ms)
			RebuildTransferFunctionScriptingTraits (0ms)
			SetupTypeCache (308ms)
				TypeCache.Initialize (303ms)
					TypeCache.ScanAssembly (297ms)
				ResolveRequiredComponents (6ms)
			ReleaseScriptCaches (1ms)
			RebuildScriptCaches (52ms)
			SetupLoadedEditorAssemblies (375ms)
				LogAssemblyErrors (0ms)
				InitializePlatformSupportModulesInManaged (37ms)
				SetLoadedEditorAssemblies (9ms)
				RefreshPlugins (1ms)
				BeforeProcessingInitializeOnLoad (65ms)
				ProcessInitializeOnLoadAttributes (228ms)
				ProcessInitializeOnLoadMethodAttributes (30ms)
				AfterProcessingInitializeOnLoad (6ms)
				EditorAssembliesLoaded (0ms)
			ExecutionOrderSort2 (0ms)
			AwakeInstancesAfterBackupRestoration (7ms)
Platform modules already initialized, skipping
Refreshing native plugins compatible for Editor in 2.22 ms, found 3 plugins.
Preloading 0 native plugins for Editor in 0.00 ms.
Unloading 3408 Unused Serialized files (Serialized files now loaded: 0)
Unloading 18 unused Assets / (24.6 KB). Loaded Objects now: 3944.
Memory consumption went from 0.51 GB to 0.51 GB.
Total: 2.863300 ms (FindLiveObjects: 0.265700 ms CreateObjectMapping: 0.298600 ms MarkObjects: 2.274100 ms  DeleteObjects: 0.023900 ms)

AssetImportParameters requested are different than current active one (requested -> active):
  custom:video-decoder-ogg-theora: a1e56fd34408186e4bbccfd4996cb3dc -> 
  custom:container-muxer-webm: aa71ff27fc2769a1b78a27578f13a17b -> 
  custom:container-demuxer-webm: 4f35f7cbe854078d1ac9338744f61a02 -> 
  custom:video-encoder-webm-vp8: eb34c28f22e8b96e1ab97ce403110664 -> 
  custom:audio-encoder-webm-vorbis: bf7c407c2cedff20999df2af8eb42d56 -> 
  custom:framework-win-MediaFoundation: 216162199b28c13a410421893ffa2e32 -> 
  custom:container-demuxer-ogg: 62fdf1f143b41e24485cea50d1cbac27 -> 
  custom:video-decoder-webm-vp8: 9c59270c3fd7afecdb556c50c9e8de78 -> 
  custom:audio-decoder-ogg-vorbis: bf7c407c2cedff20999df2af8eb42d56 -> 
